<?xml version="1.0" encoding="UTF-8"?>
<testng-results skipped="0" failed="0" ignored="0" total="2" passed="2">
  <reporter-output>
  </reporter-output>
  <suite name="Suite" duration-ms="17879" started-at="2018-07-18T05:15:53Z" finished-at="2018-07-18T05:16:11Z">
    <groups>
    </groups>
    <test name="Test1" duration-ms="9738" started-at="2018-07-18T05:15:53Z" finished-at="2018-07-18T05:16:03Z">
      <class name="com.test.Testing">
        <test-method status="PASS" signature="testLogin(java.lang.String)[pri:0, instance:com.test.Testing@3532ec19]" name="testLogin" duration-ms="9703" started-at="2018-07-18T05:15:54Z" finished-at="2018-07-18T05:16:03Z">
          <params>
            <param index="0">
              <value>
                <![CDATA[chrome]]>
              </value>
            </param>
          </params>
          <reporter-output>
          </reporter-output>
        </test-method> <!-- testLogin -->
      </class> <!-- com.test.Testing -->
    </test> <!-- Test1 -->
    <test name="Test2" duration-ms="17879" started-at="2018-07-18T05:15:53Z" finished-at="2018-07-18T05:16:11Z">
      <class name="com.test.Testing">
        <test-method status="PASS" signature="testLogin(java.lang.String)[pri:0, instance:com.test.Testing@464bee09]" name="testLogin" duration-ms="17848" started-at="2018-07-18T05:15:54Z" finished-at="2018-07-18T05:16:11Z">
          <params>
            <param index="0">
              <value>
                <![CDATA[firefox]]>
              </value>
            </param>
          </params>
          <reporter-output>
          </reporter-output>
        </test-method> <!-- testLogin -->
      </class> <!-- com.test.Testing -->
    </test> <!-- Test2 -->
  </suite> <!-- Suite -->
</testng-results>
