<?xml version="1.0" encoding="UTF-8"?>
<testng-results skipped="0" failed="0" ignored="0" total="1" passed="1">
  <reporter-output>
  </reporter-output>
  <suite name="Default suite" duration-ms="8572" started-at="2018-07-17T06:54:18Z" finished-at="2018-07-17T06:54:27Z">
    <groups>
    </groups>
    <test name="Default test" duration-ms="8572" started-at="2018-07-17T06:54:18Z" finished-at="2018-07-17T06:54:27Z">
      <class name="com.test.Testing">
        <test-method status="PASS" signature="testLogin()[pri:0, instance:com.test.Testing@59fa1d9b]" name="testLogin" duration-ms="8540" started-at="2018-07-17T06:54:18Z" finished-at="2018-07-17T06:54:27Z">
          <reporter-output>
          </reporter-output>
        </test-method> <!-- testLogin -->
      </class> <!-- com.test.Testing -->
    </test> <!-- Default test -->
  </suite> <!-- Default suite -->
</testng-results>
